/*C5*/SET SCHEMA PUBLIC
DISCONNECT
/*C6*/SET SCHEMA PUBLIC
DISCONNECT
/*C7*/SET SCHEMA PUBLIC
DISCONNECT
/*C8*/SET SCHEMA PUBLIC
DISCONNECT
/*C9*/SET SCHEMA PUBLIC
INSERT INTO PRODUTO VALUES(3,'Notebook','Notebook i5')
COMMIT
DISCONNECT
/*C10*/SET SCHEMA PUBLIC
INSERT INTO PRODUTO VALUES(4,'Notebook','Notebook i5')
COMMIT
DISCONNECT
/*C11*/SET SCHEMA PUBLIC
DELETE FROM PRODUTO WHERE ID=4
COMMIT
DISCONNECT
/*C13*/SET SCHEMA PUBLIC
DISCONNECT
/*C12*/SET SCHEMA PUBLIC
DISCONNECT
/*C14*/SET SCHEMA PUBLIC
INSERT INTO PRODUTO VALUES(5,'Notebook''i5','Notebook i5')
COMMIT
DISCONNECT
/*C15*/SET SCHEMA PUBLIC
INSERT INTO PRODUTO VALUES(6,'TV LCD','32 polegadas')
COMMIT
DISCONNECT
/*C16*/SET SCHEMA PUBLIC
INSERT INTO PRODUTO VALUES(7,'TV LCD','32 polegadas')
COMMIT
DISCONNECT
/*C4*/SET SCHEMA PUBLIC
DELETE FROM PRODUTO WHERE ID=5
DELETE FROM PRODUTO WHERE ID=6
DELETE FROM PRODUTO WHERE ID=7
COMMIT
/*C17*/SET SCHEMA PUBLIC
INSERT INTO PRODUTO VALUES(8,'TV LCD','32 polegadas')
COMMIT
DISCONNECT
/*C18*/SET SCHEMA PUBLIC
INSERT INTO PRODUTO VALUES(9,'TV LCD','32 polegadas')
COMMIT
DISCONNECT
/*C4*/DELETE FROM PRODUTO WHERE ID=8
DELETE FROM PRODUTO WHERE ID=9
COMMIT
/*C19*/SET SCHEMA PUBLIC
DISCONNECT
/*C4*/DISCONNECT
